[debug] [2024-09-19T00:51:55.807Z] ----------------------------------------------------------------------
[debug] [2024-09-19T00:51:55.809Z] Command:       C:\Program Files\nodejs\node.exe C:\Program Files\nodejs\node_modules\firebase-tools\lib\bin\firebase.js init
[debug] [2024-09-19T00:51:55.809Z] CLI Version:   13.17.0
[debug] [2024-09-19T00:51:55.810Z] Platform:      win32
[debug] [2024-09-19T00:51:55.810Z] Node Version:  v18.19.1
[debug] [2024-09-19T00:51:55.811Z] Time:          Wed Sep 18 2024 20:51:55 GMT-0400 (hora de Bolivia)
[debug] [2024-09-19T00:51:55.811Z] ----------------------------------------------------------------------
[debug] 
[debug] [2024-09-19T00:51:55.817Z] > command requires scopes: ["email","openid","https://www.googleapis.com/auth/cloudplatformprojects.readonly","https://www.googleapis.com/auth/firebase","https://www.googleapis.com/auth/cloud-platform"]
[debug] [2024-09-19T00:51:55.817Z] > authorizing via signed-in user (zaimon321@gmail.com)
[info] 
     ######## #### ########  ######## ########     ###     ######  ########
     ##        ##  ##     ## ##       ##     ##  ##   ##  ##       ##
     ######    ##  ########  ######   ########  #########  ######  ######
     ##        ##  ##    ##  ##       ##     ## ##     ##       ## ##
     ##       #### ##     ## ######## ########  ##     ##  ######  ########

You're about to initialize a Firebase project in this directory:

  C:\personales\Portafolio

Before we get started, keep in mind:

  * You are currently outside your home directory

[info] 
=== Project Setup
[info] 
[info] First, let's associate this project directory with a Firebase project.
[info] You can create multiple project aliases by running firebase use --add, 
[info] but for now we'll just set up a default project.
[info] 
[debug] [2024-09-19T00:52:46.798Z] >>> [apiv2][query] GET https://firebase.googleapis.com/v1beta1/projects pageSize=100
[debug] [2024-09-19T00:52:47.239Z] <<< [apiv2][status] GET https://firebase.googleapis.com/v1beta1/projects 200
[debug] [2024-09-19T00:52:47.239Z] <<< [apiv2][body] GET https://firebase.googleapis.com/v1beta1/projects [omitted]
[info] i  Using project portafolio-manuel-medina (portafolio-manuel-medina) 
[info] 
=== Database Setup
[info] i  database: ensuring required API firebasedatabase.googleapis.com is enabled... 
[debug] [2024-09-19T00:52:51.042Z] >>> [apiv2][query] GET https://serviceusage.googleapis.com/v1/projects/portafolio-manuel-medina/services/firebasedatabase.googleapis.com [none]
[debug] [2024-09-19T00:52:51.042Z] >>> [apiv2][(partial)header] GET https://serviceusage.googleapis.com/v1/projects/portafolio-manuel-medina/services/firebasedatabase.googleapis.com x-goog-quota-user=projects/portafolio-manuel-medina
[debug] [2024-09-19T00:52:51.753Z] <<< [apiv2][status] GET https://serviceusage.googleapis.com/v1/projects/portafolio-manuel-medina/services/firebasedatabase.googleapis.com 200
[debug] [2024-09-19T00:52:51.754Z] <<< [apiv2][body] GET https://serviceusage.googleapis.com/v1/projects/portafolio-manuel-medina/services/firebasedatabase.googleapis.com [omitted]
[warn] !  database: missing required API firebasedatabase.googleapis.com. Enabling now... 
[debug] [2024-09-19T00:52:51.754Z] >>> [apiv2][query] POST https://serviceusage.googleapis.com/v1/projects/portafolio-manuel-medina/services/firebasedatabase.googleapis.com:enable [none]
[debug] [2024-09-19T00:52:51.754Z] >>> [apiv2][(partial)header] POST https://serviceusage.googleapis.com/v1/projects/portafolio-manuel-medina/services/firebasedatabase.googleapis.com:enable x-goog-quota-user=projects/portafolio-manuel-medina
[debug] [2024-09-19T00:52:52.601Z] <<< [apiv2][status] POST https://serviceusage.googleapis.com/v1/projects/portafolio-manuel-medina/services/firebasedatabase.googleapis.com:enable 200
[debug] [2024-09-19T00:52:52.601Z] <<< [apiv2][body] POST https://serviceusage.googleapis.com/v1/projects/portafolio-manuel-medina/services/firebasedatabase.googleapis.com:enable [omitted]
[debug] [2024-09-19T00:53:02.610Z] >>> [apiv2][query] GET https://serviceusage.googleapis.com/v1/projects/portafolio-manuel-medina/services/firebasedatabase.googleapis.com [none]
[debug] [2024-09-19T00:53:02.610Z] >>> [apiv2][(partial)header] GET https://serviceusage.googleapis.com/v1/projects/portafolio-manuel-medina/services/firebasedatabase.googleapis.com x-goog-quota-user=projects/portafolio-manuel-medina
[debug] [2024-09-19T00:53:03.086Z] <<< [apiv2][status] GET https://serviceusage.googleapis.com/v1/projects/portafolio-manuel-medina/services/firebasedatabase.googleapis.com 200
[debug] [2024-09-19T00:53:03.086Z] <<< [apiv2][body] GET https://serviceusage.googleapis.com/v1/projects/portafolio-manuel-medina/services/firebasedatabase.googleapis.com [omitted]
[info] +  database: required API firebasedatabase.googleapis.com is enabled 
[info] 
[debug] [2024-09-19T00:53:03.089Z] >>> [apiv2][query] GET https://firebase.googleapis.com/v1beta1/projects/portafolio-manuel-medina [none]
[debug] [2024-09-19T00:53:03.436Z] <<< [apiv2][status] GET https://firebase.googleapis.com/v1beta1/projects/portafolio-manuel-medina 200
[debug] [2024-09-19T00:53:03.436Z] <<< [apiv2][body] GET https://firebase.googleapis.com/v1beta1/projects/portafolio-manuel-medina {"projectId":"portafolio-manuel-medina","projectNumber":"551681633047","displayName":"portafolio-manuel-medina","name":"projects/portafolio-manuel-medina","resources":{"hostingSite":"portafolio-manuel-medina"},"state":"ACTIVE","etag":"1_d4a5b273-514c-41f7-9ce0-2aa368da86d8"}
[info] 
[info] Firebase Realtime Database Security Rules allow you to define how your data should be
[info] structured and when your data can be read from and written to.
[info] 
[info] +  Default rules have been written to database.rules.json. 
[info] Future modifications to database.rules.json will update Realtime Database Security Rules when you run
[info] firebase deploy.
[info] 
=== Hosting Setup
[debug] [2024-09-19T00:53:24.670Z] >>> [apiv2][query] GET https://firebase.googleapis.com/v1beta1/projects/portafolio-manuel-medina [none]
[debug] [2024-09-19T00:53:25.109Z] <<< [apiv2][status] GET https://firebase.googleapis.com/v1beta1/projects/portafolio-manuel-medina 200
[debug] [2024-09-19T00:53:25.109Z] <<< [apiv2][body] GET https://firebase.googleapis.com/v1beta1/projects/portafolio-manuel-medina {"projectId":"portafolio-manuel-medina","projectNumber":"551681633047","displayName":"portafolio-manuel-medina","name":"projects/portafolio-manuel-medina","resources":{"hostingSite":"portafolio-manuel-medina"},"state":"ACTIVE","etag":"1_d4a5b273-514c-41f7-9ce0-2aa368da86d8"}
[info] 
[info] Your public directory is the folder (relative to your project directory) that
[info] will contain Hosting assets to be uploaded with firebase deploy. If you
[info] have a build process for your assets, use your build's output directory.
[info] 
[debug] [2024-09-19T00:53:47.427Z] >>> [apiv2][query] GET https://www.gstatic.com/firebasejs/releases.json [none]
[debug] [2024-09-19T00:53:47.856Z] <<< [apiv2][status] GET https://www.gstatic.com/firebasejs/releases.json 200
